<?xml version="1.0" encoding="UTF-8"?>
<testsuite xmlns:xsi="http://www.w3.org/2001/XMLSchema-instance" xsi:noNamespaceSchemaLocation="https://maven.apache.org/surefire/maven-surefire-plugin/xsd/surefire-test-report-3.0.xsd" version="3.0" name="com.devbox.mavenapp.handler.MatchmakingHandlerTest" time="1.498" tests="6" errors="0" skipped="0" failures="0">
  <properties>
[...]
</properties>
  <testcase name="testHandleTextMessage_DuplicatePlayer" classname="com.devbox.mavenapp.handler.MatchmakingHandlerTest" time="1.394">
    <system-out><![CDATA[18:44:40.485 [main] INFO com.devbox.mavenapp.handler.MatchmakingHandler - New player connected: sessionId=session1
18:44:40.492 [main] INFO com.devbox.mavenapp.handler.MatchmakingHandler - Message received: sessionId=session1, payload={"type":"join","userName":"Player1","userId":"12345"}
18:44:40.527 [main] INFO com.devbox.mavenapp.handler.MatchmakingHandler - Player joined: Player1 (12345) in room 002098de-6830-4e84-b7ec-751ccc83b2f2
18:44:40.528 [main] INFO com.devbox.mavenapp.handler.MatchmakingHandler - Broadcasting player update. Current players: [{userid=12345, username=Player1}]
18:44:40.533 [main] INFO com.devbox.mavenapp.handler.MatchmakingHandler - Message sent to sessionId=session1: {"playerCount":1,"players":[{"userid":"12345","username":"Player1"}],"type":"playerUpdate","roomId":"002098de-6830-4e84-b7ec-751ccc83b2f2"}
18:44:40.534 [main] INFO com.devbox.mavenapp.handler.MatchmakingHandler - New player connected: sessionId=session2
18:44:40.534 [main] INFO com.devbox.mavenapp.handler.MatchmakingHandler - Message received: sessionId=session2, payload={"type":"join","userName":"Player1","userId":"12345"}
18:44:40.535 [main] WARN com.devbox.mavenapp.handler.MatchmakingHandler - Duplicate player attempt: Player1 (12345)
]]></system-out>
    <system-err><![CDATA[WARNING: A Java agent has been loaded dynamically (/home/user/.m2/repository/net/bytebuddy/byte-buddy-agent/1.14.5/byte-buddy-agent-1.14.5.jar)
WARNING: If a serviceability tool is in use, please run with -XX:+EnableDynamicAgentLoading to hide this warning
WARNING: If a serviceability tool is not in use, please run with -Djdk.instrument.traceUsage for more information
WARNING: Dynamic loading of agents will be disallowed by default in a future release
]]></system-err>
  </testcase>
  <testcase name="testHandleTextMessage_JoinPlayer" classname="com.devbox.mavenapp.handler.MatchmakingHandlerTest" time="0.009">
    <system-out><![CDATA[18:44:40.564 [main] INFO com.devbox.mavenapp.handler.MatchmakingHandler - New player connected: sessionId=session1
18:44:40.564 [main] INFO com.devbox.mavenapp.handler.MatchmakingHandler - Message received: sessionId=session1, payload={"type":"join","userName":"Player1","userId":"12345"}
18:44:40.565 [main] INFO com.devbox.mavenapp.handler.MatchmakingHandler - Player joined: Player1 (12345) in room cad423b7-80d3-4a07-a4f2-4c2e6e6bb679
18:44:40.565 [main] INFO com.devbox.mavenapp.handler.MatchmakingHandler - Broadcasting player update. Current players: [{userid=12345, username=Player1}]
18:44:40.566 [main] INFO com.devbox.mavenapp.handler.MatchmakingHandler - Message sent to sessionId=session1: {"playerCount":1,"players":[{"userid":"12345","username":"Player1"}],"type":"playerUpdate","roomId":"cad423b7-80d3-4a07-a4f2-4c2e6e6bb679"}
]]></system-out>
  </testcase>
  <testcase name="testAfterConnectionClosed" classname="com.devbox.mavenapp.handler.MatchmakingHandlerTest" time="0.017">
    <system-out><![CDATA[18:44:40.578 [main] INFO com.devbox.mavenapp.handler.MatchmakingHandler - New player connected: sessionId=session1
18:44:40.579 [main] INFO com.devbox.mavenapp.handler.MatchmakingHandler - Message received: sessionId=session1, payload={"type":"join","userName":"Player1","userId":"12345"}
18:44:40.581 [main] INFO com.devbox.mavenapp.handler.MatchmakingHandler - Player joined: Player1 (12345) in room a13e6f86-e6d9-4cc3-a5ba-cf90b99ab53b
18:44:40.581 [main] INFO com.devbox.mavenapp.handler.MatchmakingHandler - Broadcasting player update. Current players: [{userid=12345, username=Player1}]
18:44:40.582 [main] INFO com.devbox.mavenapp.handler.MatchmakingHandler - Message sent to sessionId=session1: {"playerCount":1,"players":[{"userid":"12345","username":"Player1"}],"type":"playerUpdate","roomId":"a13e6f86-e6d9-4cc3-a5ba-cf90b99ab53b"}
18:44:40.582 [main] INFO com.devbox.mavenapp.handler.MatchmakingHandler - Player disconnected: sessionId=session1, status={}
18:44:40.582 [main] INFO com.devbox.mavenapp.handler.MatchmakingHandler - Removed player: Player1 (12345)
18:44:40.583 [main] INFO com.devbox.mavenapp.handler.MatchmakingHandler - Broadcasting player update. Current players: []
]]></system-out>
  </testcase>
  <testcase name="testStartGame" classname="com.devbox.mavenapp.handler.MatchmakingHandlerTest" time="0.022">
    <system-out><![CDATA[18:44:40.600 [main] INFO com.devbox.mavenapp.handler.MatchmakingHandler - New player connected: sessionId=session1
18:44:40.601 [main] INFO com.devbox.mavenapp.handler.MatchmakingHandler - Message received: sessionId=session1, payload={"type":"join","userName":"Player1","userId":"12345"}
18:44:40.602 [main] INFO com.devbox.mavenapp.handler.MatchmakingHandler - Player joined: Player1 (12345) in room 91f69527-857d-445f-b1e6-bbadaa0ca64f
18:44:40.602 [main] INFO com.devbox.mavenapp.handler.MatchmakingHandler - Broadcasting player update. Current players: [{userid=12345, username=Player1}]
18:44:40.603 [main] INFO com.devbox.mavenapp.handler.MatchmakingHandler - Message sent to sessionId=session1: {"playerCount":1,"players":[{"userid":"12345","username":"Player1"}],"type":"playerUpdate","roomId":"91f69527-857d-445f-b1e6-bbadaa0ca64f"}
18:44:40.603 [main] INFO com.devbox.mavenapp.handler.MatchmakingHandler - New player connected: sessionId=session2
18:44:40.603 [main] INFO com.devbox.mavenapp.handler.MatchmakingHandler - Message received: sessionId=session2, payload={"type":"join","userName":"Player2","userId":"54321"}
18:44:40.604 [main] INFO com.devbox.mavenapp.handler.MatchmakingHandler - Player joined: Player2 (54321) in room 91f69527-857d-445f-b1e6-bbadaa0ca64f
18:44:40.604 [main] INFO com.devbox.mavenapp.handler.MatchmakingHandler - Broadcasting player update. Current players: [{userid=12345, username=Player1}, {userid=54321, username=Player2}]
18:44:40.604 [main] INFO com.devbox.mavenapp.handler.MatchmakingHandler - Message sent to sessionId=session2: {"playerCount":2,"players":[{"userid":"12345","username":"Player1"},{"userid":"54321","username":"Player2"}],"type":"playerUpdate","roomId":"91f69527-857d-445f-b1e6-bbadaa0ca64f"}
18:44:40.604 [main] INFO com.devbox.mavenapp.handler.MatchmakingHandler - Message sent to sessionId=session1: {"playerCount":2,"players":[{"userid":"12345","username":"Player1"},{"userid":"54321","username":"Player2"}],"type":"playerUpdate","roomId":"91f69527-857d-445f-b1e6-bbadaa0ca64f"}
18:44:40.605 [main] INFO com.devbox.mavenapp.handler.MatchmakingHandler - New player connected: sessionId=session3
18:44:40.605 [main] INFO com.devbox.mavenapp.handler.MatchmakingHandler - Message received: sessionId=session3, payload={"type":"join","userName":"Player3","userId":"13579"}
18:44:40.605 [main] INFO com.devbox.mavenapp.handler.MatchmakingHandler - Player joined: Player3 (13579) in room 91f69527-857d-445f-b1e6-bbadaa0ca64f
18:44:40.605 [main] INFO com.devbox.mavenapp.handler.MatchmakingHandler - Broadcasting player update. Current players: [{userid=12345, username=Player1}, {userid=54321, username=Player2}, {userid=13579, username=Player3}]
18:44:40.606 [main] INFO com.devbox.mavenapp.handler.MatchmakingHandler - Message sent to sessionId=session3: {"playerCount":3,"players":[{"userid":"12345","username":"Player1"},{"userid":"54321","username":"Player2"},{"userid":"13579","username":"Player3"}],"type":"playerUpdate","roomId":"91f69527-857d-445f-b1e6-bbadaa0ca64f"}
18:44:40.607 [main] INFO com.devbox.mavenapp.handler.MatchmakingHandler - Message sent to sessionId=session2: {"playerCount":3,"players":[{"userid":"12345","username":"Player1"},{"userid":"54321","username":"Player2"},{"userid":"13579","username":"Player3"}],"type":"playerUpdate","roomId":"91f69527-857d-445f-b1e6-bbadaa0ca64f"}
18:44:40.607 [main] INFO com.devbox.mavenapp.handler.MatchmakingHandler - Message sent to sessionId=session1: {"playerCount":3,"players":[{"userid":"12345","username":"Player1"},{"userid":"54321","username":"Player2"},{"userid":"13579","username":"Player3"}],"type":"playerUpdate","roomId":"91f69527-857d-445f-b1e6-bbadaa0ca64f"}
18:44:40.607 [main] INFO com.devbox.mavenapp.handler.MatchmakingHandler - New player connected: sessionId=session4
18:44:40.608 [main] INFO com.devbox.mavenapp.handler.MatchmakingHandler - Message received: sessionId=session4, payload={"type":"join","userName":"Player4","userId":"24680"}
18:44:40.608 [main] INFO com.devbox.mavenapp.handler.MatchmakingHandler - Player joined: Player4 (24680) in room 91f69527-857d-445f-b1e6-bbadaa0ca64f
18:44:40.608 [main] INFO com.devbox.mavenapp.handler.MatchmakingHandler - Broadcasting player update. Current players: [{userid=12345, username=Player1}, {userid=54321, username=Player2}, {userid=13579, username=Player3}, {userid=24680, username=Player4}]
18:44:40.609 [main] INFO com.devbox.mavenapp.handler.MatchmakingHandler - Message sent to sessionId=session4: {"playerCount":4,"players":[{"userid":"12345","username":"Player1"},{"userid":"54321","username":"Player2"},{"userid":"13579","username":"Player3"},{"userid":"24680","username":"Player4"}],"type":"playerUpdate","roomId":"91f69527-857d-445f-b1e6-bbadaa0ca64f"}
18:44:40.610 [main] INFO com.devbox.mavenapp.handler.MatchmakingHandler - Message sent to sessionId=session3: {"playerCount":4,"players":[{"userid":"12345","username":"Player1"},{"userid":"54321","username":"Player2"},{"userid":"13579","username":"Player3"},{"userid":"24680","username":"Player4"}],"type":"playerUpdate","roomId":"91f69527-857d-445f-b1e6-bbadaa0ca64f"}
18:44:40.610 [main] INFO com.devbox.mavenapp.handler.MatchmakingHandler - Message sent to sessionId=session2: {"playerCount":4,"players":[{"userid":"12345","username":"Player1"},{"userid":"54321","username":"Player2"},{"userid":"13579","username":"Player3"},{"userid":"24680","username":"Player4"}],"type":"playerUpdate","roomId":"91f69527-857d-445f-b1e6-bbadaa0ca64f"}
18:44:40.610 [main] INFO com.devbox.mavenapp.handler.MatchmakingHandler - Message sent to sessionId=session1: {"playerCount":4,"players":[{"userid":"12345","username":"Player1"},{"userid":"54321","username":"Player2"},{"userid":"13579","username":"Player3"},{"userid":"24680","username":"Player4"}],"type":"playerUpdate","roomId":"91f69527-857d-445f-b1e6-bbadaa0ca64f"}
18:44:40.610 [main] INFO com.devbox.mavenapp.handler.MatchmakingHandler - Starting game with players: [{userid=12345, username=Player1}, {userid=54321, username=Player2}, {userid=13579, username=Player3}, {userid=24680, username=Player4}]
18:44:40.611 [main] INFO com.devbox.mavenapp.handler.MatchmakingHandler - Message sent to sessionId=session4: {"players":[{"userid":"12345","username":"Player1"},{"userid":"54321","username":"Player2"},{"userid":"13579","username":"Player3"},{"userid":"24680","username":"Player4"}],"type":"startGame","roomId":"91f69527-857d-445f-b1e6-bbadaa0ca64f"}
18:44:40.611 [main] INFO com.devbox.mavenapp.handler.MatchmakingHandler - Message sent to sessionId=session3: {"players":[{"userid":"12345","username":"Player1"},{"userid":"54321","username":"Player2"},{"userid":"13579","username":"Player3"},{"userid":"24680","username":"Player4"}],"type":"startGame","roomId":"91f69527-857d-445f-b1e6-bbadaa0ca64f"}
18:44:40.612 [main] INFO com.devbox.mavenapp.handler.MatchmakingHandler - Message sent to sessionId=session2: {"players":[{"userid":"12345","username":"Player1"},{"userid":"54321","username":"Player2"},{"userid":"13579","username":"Player3"},{"userid":"24680","username":"Player4"}],"type":"startGame","roomId":"91f69527-857d-445f-b1e6-bbadaa0ca64f"}
18:44:40.612 [main] INFO com.devbox.mavenapp.handler.MatchmakingHandler - Message sent to sessionId=session1: {"players":[{"userid":"12345","username":"Player1"},{"userid":"54321","username":"Player2"},{"userid":"13579","username":"Player3"},{"userid":"24680","username":"Player4"}],"type":"startGame","roomId":"91f69527-857d-445f-b1e6-bbadaa0ca64f"}
]]></system-out>
  </testcase>
  <testcase name="testBroadcastPlayerUpdate" classname="com.devbox.mavenapp.handler.MatchmakingHandlerTest" time="0.012">
    <system-out><![CDATA[18:44:40.620 [main] INFO com.devbox.mavenapp.handler.MatchmakingHandler - New player connected: sessionId=session1
18:44:40.622 [main] INFO com.devbox.mavenapp.handler.MatchmakingHandler - Message received: sessionId=session1, payload={"type":"join","userName":"Player1","userId":"12345"}
18:44:40.624 [main] INFO com.devbox.mavenapp.handler.MatchmakingHandler - Player joined: Player1 (12345) in room d9fe2a8c-f063-4e5e-bbd6-46820ff1b4cd
18:44:40.624 [main] INFO com.devbox.mavenapp.handler.MatchmakingHandler - Broadcasting player update. Current players: [{userid=12345, username=Player1}]
18:44:40.625 [main] INFO com.devbox.mavenapp.handler.MatchmakingHandler - Message sent to sessionId=session1: {"playerCount":1,"players":[{"userid":"12345","username":"Player1"}],"type":"playerUpdate","roomId":"d9fe2a8c-f063-4e5e-bbd6-46820ff1b4cd"}
18:44:40.625 [main] INFO com.devbox.mavenapp.handler.MatchmakingHandler - New player connected: sessionId=session2
18:44:40.625 [main] INFO com.devbox.mavenapp.handler.MatchmakingHandler - Message received: sessionId=session2, payload={"type":"join","userName":"Player2","userId":"54321"}
18:44:40.625 [main] INFO com.devbox.mavenapp.handler.MatchmakingHandler - Player joined: Player2 (54321) in room d9fe2a8c-f063-4e5e-bbd6-46820ff1b4cd
18:44:40.625 [main] INFO com.devbox.mavenapp.handler.MatchmakingHandler - Broadcasting player update. Current players: [{userid=12345, username=Player1}, {userid=54321, username=Player2}]
18:44:40.625 [main] INFO com.devbox.mavenapp.handler.MatchmakingHandler - Message sent to sessionId=session2: {"playerCount":2,"players":[{"userid":"12345","username":"Player1"},{"userid":"54321","username":"Player2"}],"type":"playerUpdate","roomId":"d9fe2a8c-f063-4e5e-bbd6-46820ff1b4cd"}
18:44:40.626 [main] INFO com.devbox.mavenapp.handler.MatchmakingHandler - Message sent to sessionId=session1: {"playerCount":2,"players":[{"userid":"12345","username":"Player1"},{"userid":"54321","username":"Player2"}],"type":"playerUpdate","roomId":"d9fe2a8c-f063-4e5e-bbd6-46820ff1b4cd"}
]]></system-out>
  </testcase>
  <testcase name="testAfterConnectionEstablished" classname="com.devbox.mavenapp.handler.MatchmakingHandlerTest" time="0.009">
    <system-out><![CDATA[18:44:40.636 [main] INFO com.devbox.mavenapp.handler.MatchmakingHandler - New player connected: sessionId=session1
]]></system-out>
  </testcase>
</testsuite>