<?xml version="1.0" encoding="UTF-8"?>
<testsuite xmlns:xsi="http://www.w3.org/2001/XMLSchema-instance" xsi:noNamespaceSchemaLocation="https://maven.apache.org/surefire/maven-surefire-plugin/xsd/surefire-test-report-3.0.xsd" version="3.0" name="com.devbox.mavenapp.unit.handler.MatchmakingHandlerTest" time="1.31" tests="6" errors="0" skipped="0" failures="0">
  <properties>
[...]
</properties>
  <testcase name="testHandleTextMessage_DuplicatePlayer" classname="com.devbox.mavenapp.unit.handler.MatchmakingHandlerTest" time="1.21">
    <system-out><![CDATA[22:17:23.532 [main] INFO com.devbox.mavenapp.handler.MatchmakingHandler - New player connected: sessionId=session1
22:17:23.539 [main] INFO com.devbox.mavenapp.handler.MatchmakingHandler - Message received: sessionId=session1, payload={"type":"join","userName":"Player1","userId":"12345"}
22:17:23.561 [main] INFO com.devbox.mavenapp.handler.MatchmakingHandler - Player joined: Player1 (12345) in room 3b106721-d44d-40ff-9919-232e33af18c6
22:17:23.561 [main] INFO com.devbox.mavenapp.handler.MatchmakingHandler - Broadcasting player update. Current players: [{userid=12345, username=Player1}]
22:17:23.566 [main] INFO com.devbox.mavenapp.handler.MatchmakingHandler - Message sent to sessionId=session1: {"playerCount":1,"players":[{"userid":"12345","username":"Player1"}],"type":"playerUpdate","roomId":"3b106721-d44d-40ff-9919-232e33af18c6"}
22:17:23.566 [main] INFO com.devbox.mavenapp.handler.MatchmakingHandler - New player connected: sessionId=session2
22:17:23.567 [main] INFO com.devbox.mavenapp.handler.MatchmakingHandler - Message received: sessionId=session2, payload={"type":"join","userName":"Player1","userId":"12345"}
22:17:23.567 [main] WARN com.devbox.mavenapp.handler.MatchmakingHandler - Duplicate player attempt: Player1 (12345)
]]></system-out>
    <system-err><![CDATA[WARNING: A Java agent has been loaded dynamically (/home/user/.m2/repository/net/bytebuddy/byte-buddy-agent/1.14.5/byte-buddy-agent-1.14.5.jar)
WARNING: If a serviceability tool is in use, please run with -XX:+EnableDynamicAgentLoading to hide this warning
WARNING: If a serviceability tool is not in use, please run with -Djdk.instrument.traceUsage for more information
WARNING: Dynamic loading of agents will be disallowed by default in a future release
]]></system-err>
  </testcase>
  <testcase name="testHandleTextMessage_JoinPlayer" classname="com.devbox.mavenapp.unit.handler.MatchmakingHandlerTest" time="0.008">
    <system-out><![CDATA[22:17:23.612 [main] INFO com.devbox.mavenapp.handler.MatchmakingHandler - New player connected: sessionId=session1
22:17:23.612 [main] INFO com.devbox.mavenapp.handler.MatchmakingHandler - Message received: sessionId=session1, payload={"type":"join","userName":"Player1","userId":"12345"}
22:17:23.613 [main] INFO com.devbox.mavenapp.handler.MatchmakingHandler - Player joined: Player1 (12345) in room 0727ce7f-7246-4c99-9903-c6b0ee64e705
22:17:23.613 [main] INFO com.devbox.mavenapp.handler.MatchmakingHandler - Broadcasting player update. Current players: [{userid=12345, username=Player1}]
22:17:23.614 [main] INFO com.devbox.mavenapp.handler.MatchmakingHandler - Message sent to sessionId=session1: {"playerCount":1,"players":[{"userid":"12345","username":"Player1"}],"type":"playerUpdate","roomId":"0727ce7f-7246-4c99-9903-c6b0ee64e705"}
]]></system-out>
  </testcase>
  <testcase name="testAfterConnectionClosed" classname="com.devbox.mavenapp.unit.handler.MatchmakingHandlerTest" time="0.008">
    <system-out><![CDATA[22:17:23.623 [main] INFO com.devbox.mavenapp.handler.MatchmakingHandler - New player connected: sessionId=session1
22:17:23.624 [main] INFO com.devbox.mavenapp.handler.MatchmakingHandler - Message received: sessionId=session2, payload={"type":"join","userName":"Player1","userId":"12345"}
22:17:23.624 [main] INFO com.devbox.mavenapp.handler.MatchmakingHandler - Player joined: Player1 (12345) in room 1783e43d-2960-45ea-a3ff-6c59c1b538c2
22:17:23.624 [main] INFO com.devbox.mavenapp.handler.MatchmakingHandler - Broadcasting player update. Current players: [{userid=12345, username=Player1}]
22:17:23.625 [main] INFO com.devbox.mavenapp.handler.MatchmakingHandler - Message sent to sessionId=session1: {"playerCount":1,"players":[{"userid":"12345","username":"Player1"}],"type":"playerUpdate","roomId":"1783e43d-2960-45ea-a3ff-6c59c1b538c2"}
22:17:23.626 [main] INFO com.devbox.mavenapp.handler.MatchmakingHandler - Player disconnected: sessionId=session1, status={}
22:17:23.626 [main] INFO com.devbox.mavenapp.handler.MatchmakingHandler - Broadcasting player update. Current players: [{userid=12345, username=Player1}]
]]></system-out>
  </testcase>
  <testcase name="testStartGame" classname="com.devbox.mavenapp.unit.handler.MatchmakingHandlerTest" time="0.017">
    <system-out><![CDATA[22:17:23.633 [main] INFO com.devbox.mavenapp.handler.MatchmakingHandler - New player connected: sessionId=session1
22:17:23.633 [main] INFO com.devbox.mavenapp.handler.MatchmakingHandler - Message received: sessionId=session1, payload={"type":"join","userName":"Player1","userId":"12345"}
22:17:23.634 [main] INFO com.devbox.mavenapp.handler.MatchmakingHandler - Player joined: Player1 (12345) in room dada8597-2d6d-4fdd-81d0-37fe323d6d1f
22:17:23.634 [main] INFO com.devbox.mavenapp.handler.MatchmakingHandler - Broadcasting player update. Current players: [{userid=12345, username=Player1}]
22:17:23.634 [main] INFO com.devbox.mavenapp.handler.MatchmakingHandler - Message sent to sessionId=session1: {"playerCount":1,"players":[{"userid":"12345","username":"Player1"}],"type":"playerUpdate","roomId":"dada8597-2d6d-4fdd-81d0-37fe323d6d1f"}
22:17:23.635 [main] INFO com.devbox.mavenapp.handler.MatchmakingHandler - New player connected: sessionId=session2
22:17:23.635 [main] INFO com.devbox.mavenapp.handler.MatchmakingHandler - Message received: sessionId=session2, payload={"type":"join","userName":"Player2","userId":"54321"}
22:17:23.635 [main] INFO com.devbox.mavenapp.handler.MatchmakingHandler - Player joined: Player2 (54321) in room dada8597-2d6d-4fdd-81d0-37fe323d6d1f
22:17:23.636 [main] INFO com.devbox.mavenapp.handler.MatchmakingHandler - Broadcasting player update. Current players: [{userid=12345, username=Player1}, {userid=54321, username=Player2}]
22:17:23.637 [main] INFO com.devbox.mavenapp.handler.MatchmakingHandler - Message sent to sessionId=session2: {"playerCount":2,"players":[{"userid":"12345","username":"Player1"},{"userid":"54321","username":"Player2"}],"type":"playerUpdate","roomId":"dada8597-2d6d-4fdd-81d0-37fe323d6d1f"}
22:17:23.637 [main] INFO com.devbox.mavenapp.handler.MatchmakingHandler - Message sent to sessionId=session1: {"playerCount":2,"players":[{"userid":"12345","username":"Player1"},{"userid":"54321","username":"Player2"}],"type":"playerUpdate","roomId":"dada8597-2d6d-4fdd-81d0-37fe323d6d1f"}
22:17:23.638 [main] INFO com.devbox.mavenapp.handler.MatchmakingHandler - New player connected: sessionId=session3
22:17:23.638 [main] INFO com.devbox.mavenapp.handler.MatchmakingHandler - Message received: sessionId=session3, payload={"type":"join","userName":"Player3","userId":"13579"}
22:17:23.639 [main] INFO com.devbox.mavenapp.handler.MatchmakingHandler - Player joined: Player3 (13579) in room dada8597-2d6d-4fdd-81d0-37fe323d6d1f
22:17:23.639 [main] INFO com.devbox.mavenapp.handler.MatchmakingHandler - Broadcasting player update. Current players: [{userid=12345, username=Player1}, {userid=54321, username=Player2}, {userid=13579, username=Player3}]
22:17:23.639 [main] INFO com.devbox.mavenapp.handler.MatchmakingHandler - Message sent to sessionId=session3: {"playerCount":3,"players":[{"userid":"12345","username":"Player1"},{"userid":"54321","username":"Player2"},{"userid":"13579","username":"Player3"}],"type":"playerUpdate","roomId":"dada8597-2d6d-4fdd-81d0-37fe323d6d1f"}
22:17:23.640 [main] INFO com.devbox.mavenapp.handler.MatchmakingHandler - Message sent to sessionId=session2: {"playerCount":3,"players":[{"userid":"12345","username":"Player1"},{"userid":"54321","username":"Player2"},{"userid":"13579","username":"Player3"}],"type":"playerUpdate","roomId":"dada8597-2d6d-4fdd-81d0-37fe323d6d1f"}
22:17:23.640 [main] INFO com.devbox.mavenapp.handler.MatchmakingHandler - Message sent to sessionId=session1: {"playerCount":3,"players":[{"userid":"12345","username":"Player1"},{"userid":"54321","username":"Player2"},{"userid":"13579","username":"Player3"}],"type":"playerUpdate","roomId":"dada8597-2d6d-4fdd-81d0-37fe323d6d1f"}
22:17:23.640 [main] INFO com.devbox.mavenapp.handler.MatchmakingHandler - New player connected: sessionId=session4
22:17:23.641 [main] INFO com.devbox.mavenapp.handler.MatchmakingHandler - Message received: sessionId=session4, payload={"type":"join","userName":"Player4","userId":"24680"}
22:17:23.641 [main] INFO com.devbox.mavenapp.handler.MatchmakingHandler - Player joined: Player4 (24680) in room dada8597-2d6d-4fdd-81d0-37fe323d6d1f
22:17:23.641 [main] INFO com.devbox.mavenapp.handler.MatchmakingHandler - Broadcasting player update. Current players: [{userid=12345, username=Player1}, {userid=54321, username=Player2}, {userid=13579, username=Player3}, {userid=24680, username=Player4}]
22:17:23.642 [main] INFO com.devbox.mavenapp.handler.MatchmakingHandler - Message sent to sessionId=session4: {"playerCount":4,"players":[{"userid":"12345","username":"Player1"},{"userid":"54321","username":"Player2"},{"userid":"13579","username":"Player3"},{"userid":"24680","username":"Player4"}],"type":"playerUpdate","roomId":"dada8597-2d6d-4fdd-81d0-37fe323d6d1f"}
22:17:23.643 [main] INFO com.devbox.mavenapp.handler.MatchmakingHandler - Message sent to sessionId=session3: {"playerCount":4,"players":[{"userid":"12345","username":"Player1"},{"userid":"54321","username":"Player2"},{"userid":"13579","username":"Player3"},{"userid":"24680","username":"Player4"}],"type":"playerUpdate","roomId":"dada8597-2d6d-4fdd-81d0-37fe323d6d1f"}
22:17:23.643 [main] INFO com.devbox.mavenapp.handler.MatchmakingHandler - Message sent to sessionId=session2: {"playerCount":4,"players":[{"userid":"12345","username":"Player1"},{"userid":"54321","username":"Player2"},{"userid":"13579","username":"Player3"},{"userid":"24680","username":"Player4"}],"type":"playerUpdate","roomId":"dada8597-2d6d-4fdd-81d0-37fe323d6d1f"}
22:17:23.643 [main] INFO com.devbox.mavenapp.handler.MatchmakingHandler - Message sent to sessionId=session1: {"playerCount":4,"players":[{"userid":"12345","username":"Player1"},{"userid":"54321","username":"Player2"},{"userid":"13579","username":"Player3"},{"userid":"24680","username":"Player4"}],"type":"playerUpdate","roomId":"dada8597-2d6d-4fdd-81d0-37fe323d6d1f"}
22:17:23.643 [main] INFO com.devbox.mavenapp.handler.MatchmakingHandler - Starting game with players: [{userid=12345, username=Player1}, {userid=54321, username=Player2}, {userid=13579, username=Player3}, {userid=24680, username=Player4}]
22:17:23.644 [main] INFO com.devbox.mavenapp.handler.MatchmakingHandler - Message sent to sessionId=session4: {"players":[{"userid":"12345","username":"Player1"},{"userid":"54321","username":"Player2"},{"userid":"13579","username":"Player3"},{"userid":"24680","username":"Player4"}],"type":"startGame","roomId":"dada8597-2d6d-4fdd-81d0-37fe323d6d1f"}
22:17:23.644 [main] INFO com.devbox.mavenapp.handler.MatchmakingHandler - Message sent to sessionId=session3: {"players":[{"userid":"12345","username":"Player1"},{"userid":"54321","username":"Player2"},{"userid":"13579","username":"Player3"},{"userid":"24680","username":"Player4"}],"type":"startGame","roomId":"dada8597-2d6d-4fdd-81d0-37fe323d6d1f"}
22:17:23.645 [main] INFO com.devbox.mavenapp.handler.MatchmakingHandler - Message sent to sessionId=session2: {"players":[{"userid":"12345","username":"Player1"},{"userid":"54321","username":"Player2"},{"userid":"13579","username":"Player3"},{"userid":"24680","username":"Player4"}],"type":"startGame","roomId":"dada8597-2d6d-4fdd-81d0-37fe323d6d1f"}
22:17:23.645 [main] INFO com.devbox.mavenapp.handler.MatchmakingHandler - Message sent to sessionId=session1: {"players":[{"userid":"12345","username":"Player1"},{"userid":"54321","username":"Player2"},{"userid":"13579","username":"Player3"},{"userid":"24680","username":"Player4"}],"type":"startGame","roomId":"dada8597-2d6d-4fdd-81d0-37fe323d6d1f"}
]]></system-out>
  </testcase>
  <testcase name="testBroadcastPlayerUpdate" classname="com.devbox.mavenapp.unit.handler.MatchmakingHandlerTest" time="0.017">
    <system-out><![CDATA[22:17:23.658 [main] INFO com.devbox.mavenapp.handler.MatchmakingHandler - New player connected: sessionId=session1
22:17:23.659 [main] INFO com.devbox.mavenapp.handler.MatchmakingHandler - Message received: sessionId=session1, payload={"type":"join","userName":"Player1","userId":"12345"}
22:17:23.660 [main] INFO com.devbox.mavenapp.handler.MatchmakingHandler - Player joined: Player1 (12345) in room f8a6faf9-032f-43db-a069-52f15af29bec
22:17:23.660 [main] INFO com.devbox.mavenapp.handler.MatchmakingHandler - Broadcasting player update. Current players: [{userid=12345, username=Player1}]
22:17:23.661 [main] INFO com.devbox.mavenapp.handler.MatchmakingHandler - Message sent to sessionId=session1: {"playerCount":1,"players":[{"userid":"12345","username":"Player1"}],"type":"playerUpdate","roomId":"f8a6faf9-032f-43db-a069-52f15af29bec"}
22:17:23.662 [main] INFO com.devbox.mavenapp.handler.MatchmakingHandler - New player connected: sessionId=session2
22:17:23.663 [main] INFO com.devbox.mavenapp.handler.MatchmakingHandler - Message received: sessionId=session2, payload={"type":"join","userName":"Player2","userId":"54321"}
22:17:23.663 [main] INFO com.devbox.mavenapp.handler.MatchmakingHandler - Player joined: Player2 (54321) in room f8a6faf9-032f-43db-a069-52f15af29bec
22:17:23.663 [main] INFO com.devbox.mavenapp.handler.MatchmakingHandler - Broadcasting player update. Current players: [{userid=12345, username=Player1}, {userid=54321, username=Player2}]
22:17:23.664 [main] INFO com.devbox.mavenapp.handler.MatchmakingHandler - Message sent to sessionId=session2: {"playerCount":2,"players":[{"userid":"12345","username":"Player1"},{"userid":"54321","username":"Player2"}],"type":"playerUpdate","roomId":"f8a6faf9-032f-43db-a069-52f15af29bec"}
22:17:23.665 [main] INFO com.devbox.mavenapp.handler.MatchmakingHandler - Message sent to sessionId=session1: {"playerCount":2,"players":[{"userid":"12345","username":"Player1"},{"userid":"54321","username":"Player2"}],"type":"playerUpdate","roomId":"f8a6faf9-032f-43db-a069-52f15af29bec"}
]]></system-out>
  </testcase>
  <testcase name="testAfterConnectionEstablished" classname="com.devbox.mavenapp.unit.handler.MatchmakingHandlerTest" time="0.007">
    <system-out><![CDATA[22:17:23.674 [main] INFO com.devbox.mavenapp.handler.MatchmakingHandler - New player connected: sessionId=session1
]]></system-out>
  </testcase>
</testsuite>