<?xml version="1.0" encoding="UTF-8"?>
<testsuite xmlns:xsi="http://www.w3.org/2001/XMLSchema-instance" xsi:noNamespaceSchemaLocation="https://maven.apache.org/surefire/maven-surefire-plugin/xsd/surefire-test-report-3.0.xsd" version="3.0" name="com.devbox.mavenapp.handler.MatchmakingHandlerTest" time="1.124" tests="6" errors="0" skipped="0" failures="0">
  <properties>
[...]
</properties>
  <testcase name="testHandleTextMessage_DuplicatePlayer" classname="com.devbox.mavenapp.handler.MatchmakingHandlerTest" time="1.04">
    <system-out><![CDATA[12:46:59.065 [main] INFO com.devbox.mavenapp.handler.MatchmakingHandler - New player connected: sessionId=session1
12:46:59.072 [main] INFO com.devbox.mavenapp.handler.MatchmakingHandler - Message received: sessionId=session1, payload={"type":"join","userName":"Player1","userId":"12345"}
12:46:59.097 [main] INFO com.devbox.mavenapp.handler.MatchmakingHandler - Player joined: Player1 (12345) in room b1f963f4-084e-44a7-9da9-abe72ce1bd88
12:46:59.097 [main] INFO com.devbox.mavenapp.handler.MatchmakingHandler - Broadcasting player update. Current players: [{userid=12345, username=Player1}]
12:46:59.105 [main] INFO com.devbox.mavenapp.handler.MatchmakingHandler - Message sent to sessionId=session1: {"playerCount":1,"players":[{"userid":"12345","username":"Player1"}],"type":"playerUpdate","roomId":"b1f963f4-084e-44a7-9da9-abe72ce1bd88"}
12:46:59.106 [main] INFO com.devbox.mavenapp.handler.MatchmakingHandler - New player connected: sessionId=session2
12:46:59.107 [main] INFO com.devbox.mavenapp.handler.MatchmakingHandler - Message received: sessionId=session2, payload={"type":"join","userName":"Player1","userId":"12345"}
12:46:59.108 [main] WARN com.devbox.mavenapp.handler.MatchmakingHandler - Duplicate player attempt: Player1 (12345)
]]></system-out>
    <system-err><![CDATA[WARNING: A Java agent has been loaded dynamically (/home/user/.m2/repository/net/bytebuddy/byte-buddy-agent/1.14.5/byte-buddy-agent-1.14.5.jar)
WARNING: If a serviceability tool is in use, please run with -XX:+EnableDynamicAgentLoading to hide this warning
WARNING: If a serviceability tool is not in use, please run with -Djdk.instrument.traceUsage for more information
WARNING: Dynamic loading of agents will be disallowed by default in a future release
]]></system-err>
  </testcase>
  <testcase name="testHandleTextMessage_JoinPlayer" classname="com.devbox.mavenapp.handler.MatchmakingHandlerTest" time="0.008">
    <system-out><![CDATA[12:46:59.137 [main] INFO com.devbox.mavenapp.handler.MatchmakingHandler - New player connected: sessionId=session1
12:46:59.138 [main] INFO com.devbox.mavenapp.handler.MatchmakingHandler - Message received: sessionId=session1, payload={"type":"join","userName":"Player1","userId":"12345"}
12:46:59.139 [main] INFO com.devbox.mavenapp.handler.MatchmakingHandler - Player joined: Player1 (12345) in room 64cbebfa-5cb6-4b7a-a064-290566af09a4
12:46:59.139 [main] INFO com.devbox.mavenapp.handler.MatchmakingHandler - Broadcasting player update. Current players: [{userid=12345, username=Player1}]
12:46:59.140 [main] INFO com.devbox.mavenapp.handler.MatchmakingHandler - Message sent to sessionId=session1: {"playerCount":1,"players":[{"userid":"12345","username":"Player1"}],"type":"playerUpdate","roomId":"64cbebfa-5cb6-4b7a-a064-290566af09a4"}
]]></system-out>
  </testcase>
  <testcase name="testAfterConnectionClosed" classname="com.devbox.mavenapp.handler.MatchmakingHandlerTest" time="0.012">
    <system-out><![CDATA[12:46:59.151 [main] INFO com.devbox.mavenapp.handler.MatchmakingHandler - New player connected: sessionId=session1
12:46:59.152 [main] INFO com.devbox.mavenapp.handler.MatchmakingHandler - Message received: sessionId=session1, payload={"type":"join","userName":"Player1","userId":"12345"}
12:46:59.152 [main] INFO com.devbox.mavenapp.handler.MatchmakingHandler - Player joined: Player1 (12345) in room 13afdbdf-a4f3-43ac-92bc-d6ba2075f631
12:46:59.152 [main] INFO com.devbox.mavenapp.handler.MatchmakingHandler - Broadcasting player update. Current players: [{userid=12345, username=Player1}]
12:46:59.153 [main] INFO com.devbox.mavenapp.handler.MatchmakingHandler - Message sent to sessionId=session1: {"playerCount":1,"players":[{"userid":"12345","username":"Player1"}],"type":"playerUpdate","roomId":"13afdbdf-a4f3-43ac-92bc-d6ba2075f631"}
12:46:59.153 [main] INFO com.devbox.mavenapp.handler.MatchmakingHandler - Player disconnected: sessionId=session1, status={}
12:46:59.153 [main] INFO com.devbox.mavenapp.handler.MatchmakingHandler - Removed player: Player1 (12345)
12:46:59.154 [main] INFO com.devbox.mavenapp.handler.MatchmakingHandler - Broadcasting player update. Current players: []
]]></system-out>
  </testcase>
  <testcase name="testStartGame" classname="com.devbox.mavenapp.handler.MatchmakingHandlerTest" time="0.016">
    <system-out><![CDATA[12:46:59.162 [main] INFO com.devbox.mavenapp.handler.MatchmakingHandler - New player connected: sessionId=session1
12:46:59.163 [main] INFO com.devbox.mavenapp.handler.MatchmakingHandler - Message received: sessionId=session1, payload={"type":"join","userName":"Player1","userId":"12345"}
12:46:59.166 [main] INFO com.devbox.mavenapp.handler.MatchmakingHandler - Player joined: Player1 (12345) in room 37ebc9de-b6da-4ce0-bd26-e84946c26693
12:46:59.166 [main] INFO com.devbox.mavenapp.handler.MatchmakingHandler - Broadcasting player update. Current players: [{userid=12345, username=Player1}]
12:46:59.167 [main] INFO com.devbox.mavenapp.handler.MatchmakingHandler - Message sent to sessionId=session1: {"playerCount":1,"players":[{"userid":"12345","username":"Player1"}],"type":"playerUpdate","roomId":"37ebc9de-b6da-4ce0-bd26-e84946c26693"}
12:46:59.168 [main] INFO com.devbox.mavenapp.handler.MatchmakingHandler - New player connected: sessionId=session2
12:46:59.168 [main] INFO com.devbox.mavenapp.handler.MatchmakingHandler - Message received: sessionId=session2, payload={"type":"join","userName":"Player2","userId":"54321"}
12:46:59.169 [main] INFO com.devbox.mavenapp.handler.MatchmakingHandler - Player joined: Player2 (54321) in room 37ebc9de-b6da-4ce0-bd26-e84946c26693
12:46:59.169 [main] INFO com.devbox.mavenapp.handler.MatchmakingHandler - Broadcasting player update. Current players: [{userid=12345, username=Player1}, {userid=54321, username=Player2}]
12:46:59.169 [main] INFO com.devbox.mavenapp.handler.MatchmakingHandler - Message sent to sessionId=session2: {"playerCount":2,"players":[{"userid":"12345","username":"Player1"},{"userid":"54321","username":"Player2"}],"type":"playerUpdate","roomId":"37ebc9de-b6da-4ce0-bd26-e84946c26693"}
12:46:59.169 [main] INFO com.devbox.mavenapp.handler.MatchmakingHandler - Message sent to sessionId=session1: {"playerCount":2,"players":[{"userid":"12345","username":"Player1"},{"userid":"54321","username":"Player2"}],"type":"playerUpdate","roomId":"37ebc9de-b6da-4ce0-bd26-e84946c26693"}
12:46:59.169 [main] INFO com.devbox.mavenapp.handler.MatchmakingHandler - New player connected: sessionId=session3
12:46:59.170 [main] INFO com.devbox.mavenapp.handler.MatchmakingHandler - Message received: sessionId=session3, payload={"type":"join","userName":"Player3","userId":"13579"}
12:46:59.170 [main] INFO com.devbox.mavenapp.handler.MatchmakingHandler - Player joined: Player3 (13579) in room 37ebc9de-b6da-4ce0-bd26-e84946c26693
12:46:59.170 [main] INFO com.devbox.mavenapp.handler.MatchmakingHandler - Broadcasting player update. Current players: [{userid=12345, username=Player1}, {userid=54321, username=Player2}, {userid=13579, username=Player3}]
12:46:59.170 [main] INFO com.devbox.mavenapp.handler.MatchmakingHandler - Message sent to sessionId=session3: {"playerCount":3,"players":[{"userid":"12345","username":"Player1"},{"userid":"54321","username":"Player2"},{"userid":"13579","username":"Player3"}],"type":"playerUpdate","roomId":"37ebc9de-b6da-4ce0-bd26-e84946c26693"}
12:46:59.170 [main] INFO com.devbox.mavenapp.handler.MatchmakingHandler - Message sent to sessionId=session2: {"playerCount":3,"players":[{"userid":"12345","username":"Player1"},{"userid":"54321","username":"Player2"},{"userid":"13579","username":"Player3"}],"type":"playerUpdate","roomId":"37ebc9de-b6da-4ce0-bd26-e84946c26693"}
12:46:59.170 [main] INFO com.devbox.mavenapp.handler.MatchmakingHandler - Message sent to sessionId=session1: {"playerCount":3,"players":[{"userid":"12345","username":"Player1"},{"userid":"54321","username":"Player2"},{"userid":"13579","username":"Player3"}],"type":"playerUpdate","roomId":"37ebc9de-b6da-4ce0-bd26-e84946c26693"}
12:46:59.171 [main] INFO com.devbox.mavenapp.handler.MatchmakingHandler - New player connected: sessionId=session4
12:46:59.171 [main] INFO com.devbox.mavenapp.handler.MatchmakingHandler - Message received: sessionId=session4, payload={"type":"join","userName":"Player4","userId":"24680"}
12:46:59.171 [main] INFO com.devbox.mavenapp.handler.MatchmakingHandler - Player joined: Player4 (24680) in room 37ebc9de-b6da-4ce0-bd26-e84946c26693
12:46:59.171 [main] INFO com.devbox.mavenapp.handler.MatchmakingHandler - Broadcasting player update. Current players: [{userid=12345, username=Player1}, {userid=54321, username=Player2}, {userid=13579, username=Player3}, {userid=24680, username=Player4}]
12:46:59.172 [main] INFO com.devbox.mavenapp.handler.MatchmakingHandler - Message sent to sessionId=session4: {"playerCount":4,"players":[{"userid":"12345","username":"Player1"},{"userid":"54321","username":"Player2"},{"userid":"13579","username":"Player3"},{"userid":"24680","username":"Player4"}],"type":"playerUpdate","roomId":"37ebc9de-b6da-4ce0-bd26-e84946c26693"}
12:46:59.172 [main] INFO com.devbox.mavenapp.handler.MatchmakingHandler - Message sent to sessionId=session3: {"playerCount":4,"players":[{"userid":"12345","username":"Player1"},{"userid":"54321","username":"Player2"},{"userid":"13579","username":"Player3"},{"userid":"24680","username":"Player4"}],"type":"playerUpdate","roomId":"37ebc9de-b6da-4ce0-bd26-e84946c26693"}
12:46:59.172 [main] INFO com.devbox.mavenapp.handler.MatchmakingHandler - Message sent to sessionId=session2: {"playerCount":4,"players":[{"userid":"12345","username":"Player1"},{"userid":"54321","username":"Player2"},{"userid":"13579","username":"Player3"},{"userid":"24680","username":"Player4"}],"type":"playerUpdate","roomId":"37ebc9de-b6da-4ce0-bd26-e84946c26693"}
12:46:59.172 [main] INFO com.devbox.mavenapp.handler.MatchmakingHandler - Message sent to sessionId=session1: {"playerCount":4,"players":[{"userid":"12345","username":"Player1"},{"userid":"54321","username":"Player2"},{"userid":"13579","username":"Player3"},{"userid":"24680","username":"Player4"}],"type":"playerUpdate","roomId":"37ebc9de-b6da-4ce0-bd26-e84946c26693"}
12:46:59.173 [main] INFO com.devbox.mavenapp.handler.MatchmakingHandler - Starting game with players: [{userid=12345, username=Player1}, {userid=54321, username=Player2}, {userid=13579, username=Player3}, {userid=24680, username=Player4}]
12:46:59.173 [main] INFO com.devbox.mavenapp.handler.MatchmakingHandler - Message sent to sessionId=session4: {"players":[{"userid":"12345","username":"Player1"},{"userid":"54321","username":"Player2"},{"userid":"13579","username":"Player3"},{"userid":"24680","username":"Player4"}],"type":"startGame","roomId":"37ebc9de-b6da-4ce0-bd26-e84946c26693"}
12:46:59.173 [main] INFO com.devbox.mavenapp.handler.MatchmakingHandler - Message sent to sessionId=session3: {"players":[{"userid":"12345","username":"Player1"},{"userid":"54321","username":"Player2"},{"userid":"13579","username":"Player3"},{"userid":"24680","username":"Player4"}],"type":"startGame","roomId":"37ebc9de-b6da-4ce0-bd26-e84946c26693"}
12:46:59.173 [main] INFO com.devbox.mavenapp.handler.MatchmakingHandler - Message sent to sessionId=session2: {"players":[{"userid":"12345","username":"Player1"},{"userid":"54321","username":"Player2"},{"userid":"13579","username":"Player3"},{"userid":"24680","username":"Player4"}],"type":"startGame","roomId":"37ebc9de-b6da-4ce0-bd26-e84946c26693"}
12:46:59.173 [main] INFO com.devbox.mavenapp.handler.MatchmakingHandler - Message sent to sessionId=session1: {"players":[{"userid":"12345","username":"Player1"},{"userid":"54321","username":"Player2"},{"userid":"13579","username":"Player3"},{"userid":"24680","username":"Player4"}],"type":"startGame","roomId":"37ebc9de-b6da-4ce0-bd26-e84946c26693"}
]]></system-out>
  </testcase>
  <testcase name="testBroadcastPlayerUpdate" classname="com.devbox.mavenapp.handler.MatchmakingHandlerTest" time="0.01">
    <system-out><![CDATA[12:46:59.181 [main] INFO com.devbox.mavenapp.handler.MatchmakingHandler - New player connected: sessionId=session1
12:46:59.182 [main] INFO com.devbox.mavenapp.handler.MatchmakingHandler - Message received: sessionId=session1, payload={"type":"join","userName":"Player1","userId":"12345"}
12:46:59.183 [main] INFO com.devbox.mavenapp.handler.MatchmakingHandler - Player joined: Player1 (12345) in room e06e4783-87b6-4921-8310-6514849d25ec
12:46:59.183 [main] INFO com.devbox.mavenapp.handler.MatchmakingHandler - Broadcasting player update. Current players: [{userid=12345, username=Player1}]
12:46:59.184 [main] INFO com.devbox.mavenapp.handler.MatchmakingHandler - Message sent to sessionId=session1: {"playerCount":1,"players":[{"userid":"12345","username":"Player1"}],"type":"playerUpdate","roomId":"e06e4783-87b6-4921-8310-6514849d25ec"}
12:46:59.185 [main] INFO com.devbox.mavenapp.handler.MatchmakingHandler - New player connected: sessionId=session2
12:46:59.185 [main] INFO com.devbox.mavenapp.handler.MatchmakingHandler - Message received: sessionId=session2, payload={"type":"join","userName":"Player2","userId":"54321"}
12:46:59.185 [main] INFO com.devbox.mavenapp.handler.MatchmakingHandler - Player joined: Player2 (54321) in room e06e4783-87b6-4921-8310-6514849d25ec
12:46:59.185 [main] INFO com.devbox.mavenapp.handler.MatchmakingHandler - Broadcasting player update. Current players: [{userid=12345, username=Player1}, {userid=54321, username=Player2}]
12:46:59.185 [main] INFO com.devbox.mavenapp.handler.MatchmakingHandler - Message sent to sessionId=session2: {"playerCount":2,"players":[{"userid":"12345","username":"Player1"},{"userid":"54321","username":"Player2"}],"type":"playerUpdate","roomId":"e06e4783-87b6-4921-8310-6514849d25ec"}
12:46:59.185 [main] INFO com.devbox.mavenapp.handler.MatchmakingHandler - Message sent to sessionId=session1: {"playerCount":2,"players":[{"userid":"12345","username":"Player1"},{"userid":"54321","username":"Player2"}],"type":"playerUpdate","roomId":"e06e4783-87b6-4921-8310-6514849d25ec"}
]]></system-out>
  </testcase>
  <testcase name="testAfterConnectionEstablished" classname="com.devbox.mavenapp.handler.MatchmakingHandlerTest" time="0.006">
    <system-out><![CDATA[12:46:59.196 [main] INFO com.devbox.mavenapp.handler.MatchmakingHandler - New player connected: sessionId=session1
]]></system-out>
  </testcase>
</testsuite>