<?xml version="1.0" encoding="UTF-8"?>
<testsuite xmlns:xsi="http://www.w3.org/2001/XMLSchema-instance" xsi:noNamespaceSchemaLocation="https://maven.apache.org/surefire/maven-surefire-plugin/xsd/surefire-test-report-3.0.xsd" version="3.0" name="com.devbox.mavenapp.unit.handler.GameWebSocketHandlerTest" time="14.493" tests="7" errors="0" skipped="0" failures="0">
  <properties>
[...]
</properties>
  <testcase name="testHandleTextMessage_CheckWord_used" classname="com.devbox.mavenapp.unit.handler.GameWebSocketHandlerTest" time="5.473">
    <system-out><![CDATA[22:17:23.727 [main] INFO com.devbox.mavenapp.handler.GameWebSocketHandler - New connection established: sessionId=session1
22:17:23.738 [main] INFO com.devbox.mavenapp.handler.GameWebSocketHandler - Message received: sessionId=session1, payload={"type":"join","word":"Player1","valid":false,"gameOver":false,"order":0,"winner":0,"playerId":0,"userName":null,"result":0}
22:17:23.761 [main] INFO com.devbox.mavenapp.handler.GameWebSocketHandler - Player 0 added. Total players: 1
22:17:23.762 [main] INFO com.devbox.mavenapp.handler.GameWebSocketHandler - New connection established: sessionId=session2
22:17:23.763 [main] INFO com.devbox.mavenapp.handler.GameWebSocketHandler - Message received: sessionId=session2, payload={"type":"join","word":"Player1","valid":false,"gameOver":false,"order":0,"winner":0,"playerId":1,"userName":null,"result":0}
22:17:23.763 [main] INFO com.devbox.mavenapp.handler.GameWebSocketHandler - Player 1 added. Total players: 2
22:17:23.764 [main] INFO com.devbox.mavenapp.handler.GameWebSocketHandler - Message received: sessionId=session1, payload={"type":"checkWord","word":"りんご","valid":false,"gameOver":false,"order":0,"winner":0,"playerId":0,"userName":null,"result":0}
22:17:23.764 [main] INFO com.devbox.mavenapp.handler.GameWebSocketHandler - Player 0 validating word: りんご
22:17:25.157 [main] INFO com.devbox.mavenapp.handler.GameWebSocketHandler - Player 0 position updated to 3
22:17:29.163 [main] INFO com.devbox.mavenapp.handler.GameWebSocketHandler - Message received: sessionId=session2, payload={"type":"checkWord","word":"りんご","valid":false,"gameOver":false,"order":0,"winner":0,"playerId":1,"userName":null,"result":0}
22:17:29.164 [main] INFO com.devbox.mavenapp.handler.GameWebSocketHandler - Player 1 validating word: りんご
22:17:29.165 [main] WARN com.devbox.mavenapp.handler.GameWebSocketHandler - Word already used: りんご
]]></system-out>
  </testcase>
  <testcase name="testAfterConnectionClosed" classname="com.devbox.mavenapp.unit.handler.GameWebSocketHandlerTest" time="0.01">
    <system-out><![CDATA[22:17:29.178 [main] INFO com.devbox.mavenapp.handler.GameWebSocketHandler - New connection established: sessionId=session1
22:17:29.180 [main] INFO com.devbox.mavenapp.handler.GameWebSocketHandler - Connection closed: sessionId=session1, status={}
]]></system-out>
  </testcase>
  <testcase name="testBroadcastState" classname="com.devbox.mavenapp.unit.handler.GameWebSocketHandlerTest" time="0.022">
    <system-out><![CDATA[22:17:29.186 [main] INFO com.devbox.mavenapp.handler.GameWebSocketHandler - New connection established: sessionId=session1
22:17:29.191 [main] INFO com.devbox.mavenapp.handler.GameWebSocketHandler - New connection established: sessionId=session2
]]></system-out>
  </testcase>
  <testcase name="testHandleTextMessage_StartRoulette" classname="com.devbox.mavenapp.unit.handler.GameWebSocketHandlerTest" time="0.019">
    <system-out><![CDATA[22:17:29.209 [main] INFO com.devbox.mavenapp.handler.GameWebSocketHandler - New connection established: sessionId=session1
22:17:29.212 [main] INFO com.devbox.mavenapp.handler.GameWebSocketHandler - Message received: sessionId=session1, payload={"type":"join","word":"Player1","valid":false,"gameOver":false,"order":0,"winner":0,"playerId":0,"userName":null,"result":0}
22:17:29.216 [main] INFO com.devbox.mavenapp.handler.GameWebSocketHandler - Player 0 added. Total players: 1
22:17:29.218 [main] INFO com.devbox.mavenapp.handler.GameWebSocketHandler - Message received: sessionId=session1, payload={"type":"startRoulette","word":null,"valid":false,"gameOver":false,"order":0,"winner":0,"playerId":0,"userName":null,"result":0}
22:17:29.218 [main] INFO com.devbox.mavenapp.handler.GameWebSocketHandler - Roulette started, result=8
]]></system-out>
  </testcase>
  <testcase name="testHandleTextMessage_CheckWord_Valid" classname="com.devbox.mavenapp.unit.handler.GameWebSocketHandlerTest" time="4.821">
    <system-out><![CDATA[22:17:29.227 [main] INFO com.devbox.mavenapp.handler.GameWebSocketHandler - New connection established: sessionId=session1
22:17:29.228 [main] INFO com.devbox.mavenapp.handler.GameWebSocketHandler - Message received: sessionId=session1, payload={"type":"join","word":"Player1","valid":false,"gameOver":false,"order":0,"winner":0,"playerId":0,"userName":null,"result":0}
22:17:29.230 [main] INFO com.devbox.mavenapp.handler.GameWebSocketHandler - Player 0 added. Total players: 1
22:17:29.232 [main] INFO com.devbox.mavenapp.handler.GameWebSocketHandler - Message received: sessionId=session1, payload={"type":"checkWord","word":"りんご","valid":false,"gameOver":false,"order":0,"winner":0,"playerId":0,"userName":null,"result":0}
22:17:29.232 [main] INFO com.devbox.mavenapp.handler.GameWebSocketHandler - Player 0 validating word: りんご
22:17:30.039 [main] INFO com.devbox.mavenapp.handler.GameWebSocketHandler - Player 0 position updated to 3
]]></system-out>
  </testcase>
  <testcase name="testHandleTextMessage_CheckWord_Invalid" classname="com.devbox.mavenapp.unit.handler.GameWebSocketHandlerTest" time="4.125">
    <system-out><![CDATA[22:17:34.056 [main] INFO com.devbox.mavenapp.handler.GameWebSocketHandler - New connection established: sessionId=session1
22:17:34.060 [main] INFO com.devbox.mavenapp.handler.GameWebSocketHandler - Message received: sessionId=session1, payload={"type":"join","word":"Player1","valid":false,"gameOver":false,"order":0,"winner":0,"playerId":0,"userName":null,"result":0}
22:17:34.062 [main] INFO com.devbox.mavenapp.handler.GameWebSocketHandler - Player 0 added. Total players: 1
22:17:34.063 [main] INFO com.devbox.mavenapp.handler.GameWebSocketHandler - Message received: sessionId=session1, payload={"type":"checkWord","word":"あぴそ","valid":false,"gameOver":false,"order":0,"winner":0,"playerId":0,"userName":null,"result":0}
22:17:34.064 [main] INFO com.devbox.mavenapp.handler.GameWebSocketHandler - Player 0 validating word: あぴそ
22:17:34.161 [main] ERROR com.devbox.mavenapp.handler.GameWebSocketHandler - Error connecting to Weblio for word 'あぴそ'
org.jsoup.HttpStatusException: HTTP error fetching URL. Status=404, URL=[https://www.weblio.jp/content/あぴそ]
	at org.jsoup.helper.HttpConnection$Response.execute(HttpConnection.java:889)
	at org.jsoup.helper.HttpConnection$Response.execute(HttpConnection.java:828)
	at org.jsoup.helper.HttpConnection.execute(HttpConnection.java:365)
	at org.jsoup.helper.HttpConnection.get(HttpConnection.java:352)
	at com.devbox.mavenapp.handler.GameWebSocketHandler.validateWordWithWeblio(GameWebSocketHandler.java:201)
	at com.devbox.mavenapp.handler.GameWebSocketHandler.handleCheckWord(GameWebSocketHandler.java:132)
	at com.devbox.mavenapp.handler.GameWebSocketHandler.handleTextMessage(GameWebSocketHandler.java:63)
	at java.base/jdk.internal.reflect.DirectMethodHandleAccessor.invoke(DirectMethodHandleAccessor.java:103)
	at java.base/java.lang.reflect.Method.invoke(Method.java:580)
	at com.devbox.mavenapp.unit.handler.GameWebSocketHandlerTest.reflectionHandleTextMessage(GameWebSocketHandlerTest.java:204)
	at com.devbox.mavenapp.unit.handler.GameWebSocketHandlerTest.testHandleTextMessage_CheckWord_Invalid(GameWebSocketHandlerTest.java:140)
	at java.base/jdk.internal.reflect.DirectMethodHandleAccessor.invoke(DirectMethodHandleAccessor.java:103)
	at java.base/java.lang.reflect.Method.invoke(Method.java:580)
	at org.junit.platform.commons.util.ReflectionUtils.invokeMethod(ReflectionUtils.java:728)
	at org.junit.jupiter.engine.execution.MethodInvocation.proceed(MethodInvocation.java:60)
	at org.junit.jupiter.engine.execution.InvocationInterceptorChain$ValidatingInvocation.proceed(InvocationInterceptorChain.java:131)
	at org.junit.jupiter.engine.extension.TimeoutExtension.intercept(TimeoutExtension.java:156)
	at org.junit.jupiter.engine.extension.TimeoutExtension.interceptTestableMethod(TimeoutExtension.java:147)
	at org.junit.jupiter.engine.extension.TimeoutExtension.interceptTestMethod(TimeoutExtension.java:86)
	at org.junit.jupiter.engine.execution.InterceptingExecutableInvoker$ReflectiveInterceptorCall.lambda$ofVoidMethod$0(InterceptingExecutableInvoker.java:103)
	at org.junit.jupiter.engine.execution.InterceptingExecutableInvoker.lambda$invoke$0(InterceptingExecutableInvoker.java:93)
	at org.junit.jupiter.engine.execution.InvocationInterceptorChain$InterceptedInvocation.proceed(InvocationInterceptorChain.java:106)
	at org.junit.jupiter.engine.execution.InvocationInterceptorChain.proceed(InvocationInterceptorChain.java:64)
	at org.junit.jupiter.engine.execution.InvocationInterceptorChain.chainAndInvoke(InvocationInterceptorChain.java:45)
	at org.junit.jupiter.engine.execution.InvocationInterceptorChain.invoke(InvocationInterceptorChain.java:37)
	at org.junit.jupiter.engine.execution.InterceptingExecutableInvoker.invoke(InterceptingExecutableInvoker.java:92)
	at org.junit.jupiter.engine.execution.InterceptingExecutableInvoker.invoke(InterceptingExecutableInvoker.java:86)
	at org.junit.jupiter.engine.descriptor.TestMethodTestDescriptor.lambda$invokeTestMethod$7(TestMethodTestDescriptor.java:218)
	at org.junit.platform.engine.support.hierarchical.ThrowableCollector.execute(ThrowableCollector.java:73)
	at org.junit.jupiter.engine.descriptor.TestMethodTestDescriptor.invokeTestMethod(TestMethodTestDescriptor.java:214)
	at org.junit.jupiter.engine.descriptor.TestMethodTestDescriptor.execute(TestMethodTestDescriptor.java:139)
	at org.junit.jupiter.engine.descriptor.TestMethodTestDescriptor.execute(TestMethodTestDescriptor.java:69)
	at org.junit.platform.engine.support.hierarchical.NodeTestTask.lambda$executeRecursively$6(NodeTestTask.java:151)
	at org.junit.platform.engine.support.hierarchical.ThrowableCollector.execute(ThrowableCollector.java:73)
	at org.junit.platform.engine.support.hierarchical.NodeTestTask.lambda$executeRecursively$8(NodeTestTask.java:141)
	at org.junit.platform.engine.support.hierarchical.Node.around(Node.java:137)
	at org.junit.platform.engine.support.hierarchical.NodeTestTask.lambda$executeRecursively$9(NodeTestTask.java:139)
	at org.junit.platform.engine.support.hierarchical.ThrowableCollector.execute(ThrowableCollector.java:73)
	at org.junit.platform.engine.support.hierarchical.NodeTestTask.executeRecursively(NodeTestTask.java:138)
	at org.junit.platform.engine.support.hierarchical.NodeTestTask.execute(NodeTestTask.java:95)
	at java.base/java.util.ArrayList.forEach(ArrayList.java:1596)
	at org.junit.platform.engine.support.hierarchical.SameThreadHierarchicalTestExecutorService.invokeAll(SameThreadHierarchicalTestExecutorService.java:41)
	at org.junit.platform.engine.support.hierarchical.NodeTestTask.lambda$executeRecursively$6(NodeTestTask.java:155)
	at org.junit.platform.engine.support.hierarchical.ThrowableCollector.execute(ThrowableCollector.java:73)
	at org.junit.platform.engine.support.hierarchical.NodeTestTask.lambda$executeRecursively$8(NodeTestTask.java:141)
	at org.junit.platform.engine.support.hierarchical.Node.around(Node.java:137)
	at org.junit.platform.engine.support.hierarchical.NodeTestTask.lambda$executeRecursively$9(NodeTestTask.java:139)
	at org.junit.platform.engine.support.hierarchical.ThrowableCollector.execute(ThrowableCollector.java:73)
	at org.junit.platform.engine.support.hierarchical.NodeTestTask.executeRecursively(NodeTestTask.java:138)
	at org.junit.platform.engine.support.hierarchical.NodeTestTask.execute(NodeTestTask.java:95)
	at java.base/java.util.ArrayList.forEach(ArrayList.java:1596)
	at org.junit.platform.engine.support.hierarchical.SameThreadHierarchicalTestExecutorService.invokeAll(SameThreadHierarchicalTestExecutorService.java:41)
	at org.junit.platform.engine.support.hierarchical.NodeTestTask.lambda$executeRecursively$6(NodeTestTask.java:155)
	at org.junit.platform.engine.support.hierarchical.ThrowableCollector.execute(ThrowableCollector.java:73)
	at org.junit.platform.engine.support.hierarchical.NodeTestTask.lambda$executeRecursively$8(NodeTestTask.java:141)
	at org.junit.platform.engine.support.hierarchical.Node.around(Node.java:137)
	at org.junit.platform.engine.support.hierarchical.NodeTestTask.lambda$executeRecursively$9(NodeTestTask.java:139)
	at org.junit.platform.engine.support.hierarchical.ThrowableCollector.execute(ThrowableCollector.java:73)
	at org.junit.platform.engine.support.hierarchical.NodeTestTask.executeRecursively(NodeTestTask.java:138)
	at org.junit.platform.engine.support.hierarchical.NodeTestTask.execute(NodeTestTask.java:95)
	at org.junit.platform.engine.support.hierarchical.SameThreadHierarchicalTestExecutorService.submit(SameThreadHierarchicalTestExecutorService.java:35)
	at org.junit.platform.engine.support.hierarchical.HierarchicalTestExecutor.execute(HierarchicalTestExecutor.java:57)
	at org.junit.platform.engine.support.hierarchical.HierarchicalTestEngine.execute(HierarchicalTestEngine.java:54)
	at org.junit.platform.launcher.core.EngineExecutionOrchestrator.execute(EngineExecutionOrchestrator.java:198)
	at org.junit.platform.launcher.core.EngineExecutionOrchestrator.execute(EngineExecutionOrchestrator.java:169)
	at org.junit.platform.launcher.core.EngineExecutionOrchestrator.execute(EngineExecutionOrchestrator.java:93)
	at org.junit.platform.launcher.core.EngineExecutionOrchestrator.lambda$execute$0(EngineExecutionOrchestrator.java:58)
	at org.junit.platform.launcher.core.EngineExecutionOrchestrator.withInterceptedStreams(EngineExecutionOrchestrator.java:141)
	at org.junit.platform.launcher.core.EngineExecutionOrchestrator.execute(EngineExecutionOrchestrator.java:57)
	at org.junit.platform.launcher.core.DefaultLauncher.execute(DefaultLauncher.java:103)
	at org.junit.platform.launcher.core.DefaultLauncher.execute(DefaultLauncher.java:85)
	at org.junit.platform.launcher.core.DelegatingLauncher.execute(DelegatingLauncher.java:47)
	at org.apache.maven.surefire.junitplatform.LazyLauncher.execute(LazyLauncher.java:56)
	at org.apache.maven.surefire.junitplatform.JUnitPlatformProvider.execute(JUnitPlatformProvider.java:184)
	at org.apache.maven.surefire.junitplatform.JUnitPlatformProvider.invokeAllTests(JUnitPlatformProvider.java:148)
	at org.apache.maven.surefire.junitplatform.JUnitPlatformProvider.invoke(JUnitPlatformProvider.java:122)
	at org.apache.maven.surefire.booter.ForkedBooter.runSuitesInProcess(ForkedBooter.java:385)
	at org.apache.maven.surefire.booter.ForkedBooter.execute(ForkedBooter.java:162)
	at org.apache.maven.surefire.booter.ForkedBooter.run(ForkedBooter.java:507)
	at org.apache.maven.surefire.booter.ForkedBooter.main(ForkedBooter.java:495)
22:17:34.169 [main] WARN com.devbox.mavenapp.handler.GameWebSocketHandler - Word validation failed: あぴそ
]]></system-out>
  </testcase>
  <testcase name="testAfterConnectionEstablished" classname="com.devbox.mavenapp.unit.handler.GameWebSocketHandlerTest" time="0.011">
    <system-out><![CDATA[22:17:38.183 [main] INFO com.devbox.mavenapp.handler.GameWebSocketHandler - New connection established: sessionId=session1
22:17:38.185 [main] INFO com.devbox.mavenapp.handler.GameWebSocketHandler - Message received: sessionId=session1, payload={"type":"join","word":"Player1","valid":false,"gameOver":false,"order":0,"winner":0,"playerId":0,"userName":null,"result":0}
22:17:38.186 [main] INFO com.devbox.mavenapp.handler.GameWebSocketHandler - Player 0 added. Total players: 1
]]></system-out>
  </testcase>
</testsuite>